0 info it worked if it ends with ok
1 verbose cli [ '/home/SERILOCAL/p.oshaughnes/.nvm/versions/node/v7.2.1/bin/node',
1 verbose cli   '/home/SERILOCAL/p.oshaughnes/.nvm/versions/node/v7.2.1/bin/npm',
1 verbose cli   'run',
1 verbose cli   'watch' ]
2 info using npm@3.10.10
3 info using node@v7.2.1
4 verbose run-script [ 'prewatch', 'watch', 'postwatch' ]
5 info lifecycle peteroshaughnessy.com@1.0.0~prewatch: peteroshaughnessy.com@1.0.0
6 silly lifecycle peteroshaughnessy.com@1.0.0~prewatch: no script for prewatch, continuing
7 info lifecycle peteroshaughnessy.com@1.0.0~watch: peteroshaughnessy.com@1.0.0
8 verbose lifecycle peteroshaughnessy.com@1.0.0~watch: unsafe-perm in lifecycle true
9 verbose lifecycle peteroshaughnessy.com@1.0.0~watch: PATH: /home/SERILOCAL/p.oshaughnes/.nvm/versions/node/v7.2.1/lib/node_modules/npm/bin/node-gyp-bin:/home/SERILOCAL/p.oshaughnes/dev/src/misc/peteroshaughnessy.com/node_modules/.bin:/home/SERILOCAL/p.oshaughnes/.nvm/versions/node/v7.2.1/bin:/usr/local/heroku/bin:/usr/local/lib/android-studio/bin:/usr/local/lib/jdk1.8.0_102/bin:/home/SERILOCAL/p.oshaughnes/bin:/home/SERILOCAL/p.oshaughnes/.local/bin:/usr/local/sbin:/usr/local/bin:/usr/sbin:/usr/bin:/sbin:/bin:/usr/games:/usr/local/games:/snap/bin
10 verbose lifecycle peteroshaughnessy.com@1.0.0~watch: CWD: /home/SERILOCAL/p.oshaughnes/dev/src/misc/peteroshaughnessy.com
11 silly lifecycle peteroshaughnessy.com@1.0.0~watch: Args: [ '-c',
11 silly lifecycle   'nodemon --watch src --watch templates --ext md,hbs,js,css ./dev-server.js' ]
12 silly lifecycle peteroshaughnessy.com@1.0.0~watch: Returned: code: 1  signal: null
13 info lifecycle peteroshaughnessy.com@1.0.0~watch: Failed to exec watch script
14 verbose stack Error: peteroshaughnessy.com@1.0.0 watch: `nodemon --watch src --watch templates --ext md,hbs,js,css ./dev-server.js`
14 verbose stack Exit status 1
14 verbose stack     at EventEmitter.<anonymous> (/home/SERILOCAL/p.oshaughnes/.nvm/versions/node/v7.2.1/lib/node_modules/npm/lib/utils/lifecycle.js:255:16)
14 verbose stack     at emitTwo (events.js:106:13)
14 verbose stack     at EventEmitter.emit (events.js:191:7)
14 verbose stack     at ChildProcess.<anonymous> (/home/SERILOCAL/p.oshaughnes/.nvm/versions/node/v7.2.1/lib/node_modules/npm/lib/utils/spawn.js:40:14)
14 verbose stack     at emitTwo (events.js:106:13)
14 verbose stack     at ChildProcess.emit (events.js:191:7)
14 verbose stack     at maybeClose (internal/child_process.js:885:16)
14 verbose stack     at Process.ChildProcess._handle.onexit (internal/child_process.js:226:5)
15 verbose pkgid peteroshaughnessy.com@1.0.0
16 verbose cwd /home/SERILOCAL/p.oshaughnes/dev/src/misc/peteroshaughnessy.com
17 error Linux 4.4.0-83-generic
18 error argv "/home/SERILOCAL/p.oshaughnes/.nvm/versions/node/v7.2.1/bin/node" "/home/SERILOCAL/p.oshaughnes/.nvm/versions/node/v7.2.1/bin/npm" "run" "watch"
19 error node v7.2.1
20 error npm  v3.10.10
21 error code ELIFECYCLE
22 error peteroshaughnessy.com@1.0.0 watch: `nodemon --watch src --watch templates --ext md,hbs,js,css ./dev-server.js`
22 error Exit status 1
23 error Failed at the peteroshaughnessy.com@1.0.0 watch script 'nodemon --watch src --watch templates --ext md,hbs,js,css ./dev-server.js'.
23 error Make sure you have the latest version of node.js and npm installed.
23 error If you do, this is most likely a problem with the peteroshaughnessy.com package,
23 error not with npm itself.
23 error Tell the author that this fails on your system:
23 error     nodemon --watch src --watch templates --ext md,hbs,js,css ./dev-server.js
23 error You can get information on how to open an issue for this project with:
23 error     npm bugs peteroshaughnessy.com
23 error Or if that isn't available, you can get their info via:
23 error     npm owner ls peteroshaughnessy.com
23 error There is likely additional logging output above.
24 verbose exit [ 1, true ]
